  27880Q2.cpp
C:\Users\abdul\OneDrive - Institute of Business Administration\Semester 3\DSA\Assignment 3\27880Q2\27880Q2.cpp(230,32): warning C4267: '=': conversion from 'size_t' to 'int', possible loss of data
      C:\Users\abdul\OneDrive - Institute of Business Administration\Semester 3\DSA\Assignment 3\27880Q2\27880Q2.cpp(230,32):
      the template instantiation context (the oldest one first) is
          C:\Users\abdul\OneDrive - Institute of Business Administration\Semester 3\DSA\Assignment 3\27880Q2\27880Q2.cpp(695,33):
          see reference to class template instantiation 'RLRB<std::string,std::string>' being compiled
          C:\Users\abdul\OneDrive - Institute of Business Administration\Semester 3\DSA\Assignment 3\27880Q2\27880Q2.cpp(205,18):
          while compiling class template member function 'RLRB<std::string,std::string>::DictionaryNode *RLRB<std::string,std::string>::put(RLRB<std::string,std::string>::DictionaryNode *,Key,Value)'
          with
          [
              Key=std::string,
              Value=std::string
          ]
              C:\Users\abdul\OneDrive - Institute of Business Administration\Semester 3\DSA\Assignment 3\27880Q2\27880Q2.cpp(464,8):
              see the first reference to 'RLRB<std::string,std::string>::put' in 'RLRB<std::string,std::string>::put'
              C:\Users\abdul\OneDrive - Institute of Business Administration\Semester 3\DSA\Assignment 3\27880Q2\27880Q2.cpp(709,18):
              see the first reference to 'RLRB<std::string,std::string>::put' in 'main'
  
C:\Users\abdul\OneDrive - Institute of Business Administration\Semester 3\DSA\Assignment 3\27880Q2\27880Q2.cpp(344,9): warning C4267: 'initializing': conversion from 'size_t' to 'int', possible loss of data
      C:\Users\abdul\OneDrive - Institute of Business Administration\Semester 3\DSA\Assignment 3\27880Q2\27880Q2.cpp(344,9):
      the template instantiation context (the oldest one first) is
          C:\Users\abdul\OneDrive - Institute of Business Administration\Semester 3\DSA\Assignment 3\27880Q2\27880Q2.cpp(339,18):
          while compiling class template member function 'RLRB<std::string,std::string>::DictionaryNode *RLRB<std::string,std::string>::select(RLRB<std::string,std::string>::DictionaryNode *,int)'
              C:\Users\abdul\OneDrive - Institute of Business Administration\Semester 3\DSA\Assignment 3\27880Q2\27880Q2.cpp(594,21):
              see the first reference to 'RLRB<std::string,std::string>::select' in 'RLRB<std::string,std::string>::select'
              C:\Users\abdul\OneDrive - Institute of Business Administration\Semester 3\DSA\Assignment 3\27880Q2\27880Q2.cpp(647,3):
              see the first reference to 'RLRB<std::string,std::string>::select' in 'RLRB<std::string,std::string>::unitTesting'
              C:\Users\abdul\OneDrive - Institute of Business Administration\Semester 3\DSA\Assignment 3\27880Q2\27880Q2.cpp(713,27):
              see the first reference to 'RLRB<std::string,std::string>::unitTesting' in 'main'
  
C:\Users\abdul\OneDrive - Institute of Business Administration\Semester 3\DSA\Assignment 3\27880Q2\27880Q2.cpp(254,29): warning C4267: 'return': conversion from 'size_t' to 'int', possible loss of data
      C:\Users\abdul\OneDrive - Institute of Business Administration\Semester 3\DSA\Assignment 3\27880Q2\27880Q2.cpp(254,29):
      the template instantiation context (the oldest one first) is
          C:\Users\abdul\OneDrive - Institute of Business Administration\Semester 3\DSA\Assignment 3\27880Q2\27880Q2.cpp(248,6):
          while compiling class template member function 'int RLRB<std::string,std::string>::rank(Key,RLRB<Key,std::string>::DictionaryNode *)'
          with
          [
              Key=std::string
          ]
              C:\Users\abdul\OneDrive - Institute of Business Administration\Semester 3\DSA\Assignment 3\27880Q2\27880Q2.cpp(525,3):
              see the first reference to 'RLRB<std::string,std::string>::rank' in 'RLRB<std::string,std::string>::rank'
              C:\Users\abdul\OneDrive - Institute of Business Administration\Semester 3\DSA\Assignment 3\27880Q2\27880Q2.cpp(649,3):
              see the first reference to 'RLRB<std::string,std::string>::rank' in 'RLRB<std::string,std::string>::unitTesting'
              C:\Users\abdul\OneDrive - Institute of Business Administration\Semester 3\DSA\Assignment 3\27880Q2\27880Q2.cpp(713,27):
              see the first reference to 'RLRB<std::string,std::string>::unitTesting' in 'main'
  
C:\Users\abdul\OneDrive - Institute of Business Administration\Semester 3\DSA\Assignment 3\27880Q2\27880Q2.cpp(258,15): warning C4267: 'return': conversion from 'size_t' to 'int', possible loss of data
C:\Users\abdul\OneDrive - Institute of Business Administration\Semester 3\DSA\Assignment 3\27880Q2\27880Q2.cpp(72,32): warning C4267: '=': conversion from 'size_t' to 'int', possible loss of data
      C:\Users\abdul\OneDrive - Institute of Business Administration\Semester 3\DSA\Assignment 3\27880Q2\27880Q2.cpp(72,32):
      the template instantiation context (the oldest one first) is
          C:\Users\abdul\OneDrive - Institute of Business Administration\Semester 3\DSA\Assignment 3\27880Q2\27880Q2.cpp(61,18):
          while compiling class template member function 'RLRB<std::string,std::string>::DictionaryNode *RLRB<std::string,std::string>::rotateRight(RLRB<std::string,std::string>::DictionaryNode *)'
              C:\Users\abdul\OneDrive - Institute of Business Administration\Semester 3\DSA\Assignment 3\27880Q2\27880Q2.cpp(224,6):
              see the first reference to 'RLRB<std::string,std::string>::rotateRight' in 'RLRB<std::string,std::string>::put'
              C:\Users\abdul\OneDrive - Institute of Business Administration\Semester 3\DSA\Assignment 3\27880Q2\27880Q2.cpp(464,8):
              see the first reference to 'RLRB<std::string,std::string>::put' in 'RLRB<std::string,std::string>::put'
              C:\Users\abdul\OneDrive - Institute of Business Administration\Semester 3\DSA\Assignment 3\27880Q2\27880Q2.cpp(709,18):
              see the first reference to 'RLRB<std::string,std::string>::put' in 'main'
  
C:\Users\abdul\OneDrive - Institute of Business Administration\Semester 3\DSA\Assignment 3\27880Q2\27880Q2.cpp(75,32): warning C4267: '=': conversion from 'size_t' to 'int', possible loss of data
C:\Users\abdul\OneDrive - Institute of Business Administration\Semester 3\DSA\Assignment 3\27880Q2\27880Q2.cpp(53,32): warning C4267: '=': conversion from 'size_t' to 'int', possible loss of data
      C:\Users\abdul\OneDrive - Institute of Business Administration\Semester 3\DSA\Assignment 3\27880Q2\27880Q2.cpp(53,32):
      the template instantiation context (the oldest one first) is
          C:\Users\abdul\OneDrive - Institute of Business Administration\Semester 3\DSA\Assignment 3\27880Q2\27880Q2.cpp(42,18):
          while compiling class template member function 'RLRB<std::string,std::string>::DictionaryNode *RLRB<std::string,std::string>::rotateLeft(RLRB<std::string,std::string>::DictionaryNode *)'
              C:\Users\abdul\OneDrive - Institute of Business Administration\Semester 3\DSA\Assignment 3\27880Q2\27880Q2.cpp(226,6):
              see the first reference to 'RLRB<std::string,std::string>::rotateLeft' in 'RLRB<std::string,std::string>::put'
              C:\Users\abdul\OneDrive - Institute of Business Administration\Semester 3\DSA\Assignment 3\27880Q2\27880Q2.cpp(464,8):
              see the first reference to 'RLRB<std::string,std::string>::put' in 'RLRB<std::string,std::string>::put'
              C:\Users\abdul\OneDrive - Institute of Business Administration\Semester 3\DSA\Assignment 3\27880Q2\27880Q2.cpp(709,18):
              see the first reference to 'RLRB<std::string,std::string>::put' in 'main'
  
C:\Users\abdul\OneDrive - Institute of Business Administration\Semester 3\DSA\Assignment 3\27880Q2\27880Q2.cpp(56,32): warning C4267: '=': conversion from 'size_t' to 'int', possible loss of data
  27880Q2.vcxproj -> C:\Users\abdul\OneDrive - Institute of Business Administration\Semester 3\DSA\Assignment 3\27880Q2\x64\Debug\27880Q2.exe
